/var/lib/slurmd/job41523466/slurm_script: line 15: nvcc: command not found
0.0001672
0.0001643
0.000164
0.0001692
0.0001657
0.0001609
/var/lib/slurmd/job41523466/slurm_script: line 25: 26502 Segmentation fault      (core dumped) ./a.out 64000 1
/var/lib/slurmd/job41523466/slurm_script: line 26: 26503 Segmentation fault      (core dumped) ./a.out 64000 2
/var/lib/slurmd/job41523466/slurm_script: line 27: 26504 Segmentation fault      (core dumped) ./a.out 64000 4
/var/lib/slurmd/job41523466/slurm_script: line 28: 26505 Segmentation fault      (core dumped) ./a.out 64000 8
/var/lib/slurmd/job41523466/slurm_script: line 29: 26506 Segmentation fault      (core dumped) ./a.out 64000 32
/var/lib/slurmd/job41523466/slurm_script: line 30: 26507 Segmentation fault      (core dumped) ./a.out 64000 64
JobId=41523466 JobName=test1_leakyrelu
   UserId=lyuliyao(6006467) GroupId=cmse(2362) MCS_label=N/A
   Priority=50387 Nice=0 Account=general QOS=lyuliyao
   JobState=RUNNING Reason=None Dependency=(null)
   Requeue=1 Restarts=0 BatchFlag=1 Reboot=0 ExitCode=0:0
   RunTime=00:00:22 TimeLimit=00:10:00 TimeMin=N/A
   SubmitTime=2021-12-05T15:58:17 EligibleTime=2021-12-05T15:58:17
   AccrueTime=2021-12-05T15:58:17
   StartTime=2021-12-05T15:58:29 EndTime=2021-12-05T16:08:29 Deadline=N/A
   SuspendTime=None SecsPreSuspend=0 LastSchedEval=2021-12-05T15:58:29
   Partition=general-short AllocNode:Sid=dev-amd20-v100:268247
   ReqNodeList=(null) ExcNodeList=(null)
   NodeList=nvl-001
   BatchHost=nvl-001
   NumNodes=1 NumCPUs=1 NumTasks=1 CPUs/Task=1 ReqB:S:C:T=0:0:*:*
   TRES=cpu=1,mem=12G,node=1,billing=1867,gres/gpu=1
   Socks/Node=* NtasksPerN:B:S:C=0:0:*:* CoreSpec=*
   MinCPUsNode=1 MinMemoryNode=12G MinTmpDiskNode=0
   Features=[intel14|intel16|intel18|amr|nvf|nal|nif] DelayBoot=00:00:00
   OverSubscribe=OK Contiguous=0 Licenses=(null) Network=(null)
   Command=/mnt/ufs18/home-058/lyuliyao/Documents/CMSE822/CMSE822/CPP_code/1D_problem/cuda_version_gauss_seidel/run_me
   WorkDir=/mnt/ufs18/home-058/lyuliyao/Documents/CMSE822/CMSE822/CPP_code/1D_problem/cuda_version_gauss_seidel
   Comment=stdout=/mnt/ufs18/home-058/lyuliyao/Documents/CMSE822/CMSE822/CPP_code/1D_problem/cuda_version_gauss_seidel/slurm-41523466.out 
   StdErr=/mnt/ufs18/home-058/lyuliyao/Documents/CMSE822/CMSE822/CPP_code/1D_problem/cuda_version_gauss_seidel/slurm-41523466.out
   StdIn=/dev/null
   StdOut=/mnt/ufs18/home-058/lyuliyao/Documents/CMSE822/CMSE822/CPP_code/1D_problem/cuda_version_gauss_seidel/slurm-41523466.out
   Power=
   TresPerNode=gpu:v100:1
   NtasksPerTRES:0


SLURM Job ID: 41523466
WrkDir=/mnt/ufs18/home-058/lyuliyao/Documents/CMSE822/CMSE822/CPP_code/1D_problem/cuda_version_gauss_seidel
===================================================================================
          JobID |            41523466 |      41523466.batch |     41523466.extern |
        JobName |     test1_leakyrelu |               batch |              extern |
           User |            lyuliyao |                     |                     |
       NodeList |             nvl-001 |             nvl-001 |             nvl-001 |
         NNodes |                   1 |                   1 |                   1 |
         NTasks |                     |                   1 |                   1 |
          NCPUS |                   1 |                   1 |                   1 |
      AllocGRES |               gpu=1 |               gpu=1 |               gpu=1 |
         ReqMem |                12Gn |                12Gn |                12Gn |
      Timelimit |            00:10:00 |                     |                     |
        Elapsed |            00:00:22 |            00:00:22 |            00:00:22 |
       TotalCPU |            00:00:00 |            00:00:17 |            00:00:00 |
     AveCPULoad |                     |            0.772727 |                     |
         MaxRSS |                     |               3220K |                     |
      MaxVMSize |                     |             217660K |                     |
          Start | 2021-12-05T15:58:29 | 2021-12-05T15:58:29 | 2021-12-05T15:58:29 |
            End |             Unknown |             Unknown |             Unknown |
       ExitCode |                 0:0 |                 0:0 |                 0:0 |
          State |             RUNNING |             RUNNING |             RUNNING |
===================================================================================
