┌ Warning: `vendor()` is deprecated, use `BLAS.get_config()` and inspect the output instead
│   caller = npyinitialize() at numpy.jl:67
└ @ PyCall ~/.julia/packages/PyCall/3fwVL/src/numpy.jl:67
0.19321601909933692
0.04853829263943325
0.02421085707263524
0.006111428618141572
0.0030262162916627846
0.0016099203915677033
0.00216021
0.00109
0.000569044
0.000300175
0.000159943
0.000169544
┌ Warning: `vendor()` is deprecated, use `BLAS.get_config()` and inspect the output instead
│   caller = npyinitialize() at numpy.jl:67
└ @ PyCall ~/.julia/packages/PyCall/3fwVL/src/numpy.jl:67
ERROR: LoadError: BoundsError: attempt to access 106185-element Vector{UInt8} at index [1:106185, 2]
Stacktrace:
 [1] throw_boundserror(A::Vector{UInt8}, I::Tuple{Base.Slice{Base.OneTo{Int64}}, Int64})
   @ Base ./abstractarray.jl:691
 [2] checkbounds
   @ ./abstractarray.jl:656 [inlined]
 [3] _getindex
   @ ./multidimensional.jl:838 [inlined]
 [4] getindex
   @ ./abstractarray.jl:1218 [inlined]
 [5] tplot(p::Vector{UInt8}, t::Vector{UInt8}, u::Vector{Any})
   @ Main /mnt/ufs18/home-058/lyuliyao/Documents/CMSE822/CMSE822/CPP_code/2D_problem/julia_utilities/Mesh_utilities.jl:62
 [6] top-level scope
   @ /mnt/ufs18/home-058/lyuliyao/Documents/CMSE822/CMSE822/CPP_code/2D_problem/cpp_code/openmp/sphere/result_figure.jl:14
in expression starting at /mnt/ufs18/home-058/lyuliyao/Documents/CMSE822/CMSE822/CPP_code/2D_problem/cpp_code/openmp/sphere/result_figure.jl:14
JobId=41842032 JobName=run_me
   UserId=lyuliyao(6006467) GroupId=cmse(2362) MCS_label=N/A
   Priority=21775 Nice=0 Account=general QOS=lyuliyao
   JobState=RUNNING Reason=None Dependency=(null)
   Requeue=1 Restarts=0 BatchFlag=1 Reboot=0 ExitCode=0:0
   RunTime=00:08:11 TimeLimit=00:10:00 TimeMin=N/A
   SubmitTime=2021-12-11T15:43:55 EligibleTime=2021-12-11T15:43:55
   AccrueTime=2021-12-11T15:43:55
   StartTime=2021-12-11T15:44:55 EndTime=2021-12-11T15:54:55 Deadline=N/A
   SuspendTime=None SecsPreSuspend=0 LastSchedEval=2021-12-11T15:44:55
   Partition=general-short AllocNode:Sid=dev-intel18:32786
   ReqNodeList=(null) ExcNodeList=(null)
   NodeList=skl-025
   BatchHost=skl-025
   NumNodes=1 NumCPUs=32 NumTasks=32 CPUs/Task=1 ReqB:S:C:T=0:0:*:*
   TRES=cpu=32,mem=24000M,node=1,billing=3648
   Socks/Node=* NtasksPerN:B:S:C=0:0:*:* CoreSpec=*
   MinCPUsNode=1 MinMemoryCPU=750M MinTmpDiskNode=0
   Features=[intel18]&[intel14|intel16|intel18|amr|nvf|nal|nif] DelayBoot=00:00:00
   OverSubscribe=OK Contiguous=0 Licenses=(null) Network=(null)
   Command=/mnt/ufs18/home-058/lyuliyao/Documents/CMSE822/CMSE822/CPP_code/2D_problem/cpp_code/openmp/sphere/run_me
   WorkDir=/mnt/ufs18/home-058/lyuliyao/Documents/CMSE822/CMSE822/CPP_code/2D_problem/cpp_code/openmp/sphere
   Comment=stdout=/mnt/ufs18/home-058/lyuliyao/Documents/CMSE822/CMSE822/CPP_code/2D_problem/cpp_code/openmp/sphere/slurm-41842032.out 
   StdErr=/mnt/ufs18/home-058/lyuliyao/Documents/CMSE822/CMSE822/CPP_code/2D_problem/cpp_code/openmp/sphere/slurm-41842032.out
   StdIn=/dev/null
   StdOut=/mnt/ufs18/home-058/lyuliyao/Documents/CMSE822/CMSE822/CPP_code/2D_problem/cpp_code/openmp/sphere/slurm-41842032.out
   Power=
   NtasksPerTRES:0


SLURM Job ID: 41842032
WrkDir=/mnt/ufs18/home-058/lyuliyao/Documents/CMSE822/CMSE822/CPP_code/2D_problem/cpp_code/openmp/sphere
===================================================================================
          JobID |            41842032 |      41842032.batch |     41842032.extern |
        JobName |              run_me |               batch |              extern |
           User |            lyuliyao |                     |                     |
       NodeList |             skl-025 |             skl-025 |             skl-025 |
         NNodes |                   1 |                   1 |                   1 |
         NTasks |                     |                   1 |                   1 |
          NCPUS |                  32 |                  32 |                  32 |
      AllocGRES |                     |                     |                     |
         ReqMem |               750Mc |               750Mc |               750Mc |
      Timelimit |            00:10:00 |                     |                     |
        Elapsed |            00:08:11 |            00:08:11 |            00:08:11 |
       TotalCPU |            00:00:00 |            00:29:04 |            00:00:00 |
     AveCPULoad |                     |             3.55193 |                     |
         MaxRSS |                     |             233428K |                     |
      MaxVMSize |                     |             217660K |                     |
          Start | 2021-12-11T15:44:55 | 2021-12-11T15:44:55 | 2021-12-11T15:44:55 |
            End |             Unknown |             Unknown |             Unknown |
       ExitCode |                 0:0 |                 0:0 |                 0:0 |
          State |             RUNNING |             RUNNING |             RUNNING |
===================================================================================
slurmstepd: error: acct_gather_profile/influxdb _send_data: curl_easy_perform failed to send data (discarded). Reason: Couldn't connect to server
